<?xml version="1.0" encoding="UTF-8"?>
<testsuite xmlns:xsi="http://www.w3.org/2001/XMLSchema-instance" xsi:noNamespaceSchemaLocation="https://maven.apache.org/surefire/maven-surefire-plugin/xsd/surefire-test-report-3.0.xsd" version="3.0" name="com.algonquincollege.cst8277.assignment3.model.BankingTestSuite" time="1.827" tests="40" errors="2" skipped="0" failures="0">
  <properties>
[...]
</properties>
  <testcase name="test01" classname="com.algonquincollege.cst8277.assignment3.model.BankingTestSuite" time="0.041"/>
  <testcase name="test02" classname="com.algonquincollege.cst8277.assignment3.model.BankingTestSuite" time="0.009"/>
  <testcase name="test03" classname="com.algonquincollege.cst8277.assignment3.model.BankingTestSuite" time="0.011"/>
  <testcase name="test04" classname="com.algonquincollege.cst8277.assignment3.model.BankingTestSuite" time="0.01"/>
  <testcase name="test05" classname="com.algonquincollege.cst8277.assignment3.model.BankingTestSuite" time="0.001"/>
  <testcase name="test06" classname="com.algonquincollege.cst8277.assignment3.model.BankingTestSuite" time="0.006"/>
  <testcase name="test07" classname="com.algonquincollege.cst8277.assignment3.model.BankingTestSuite" time="0.015"/>
  <testcase name="test08" classname="com.algonquincollege.cst8277.assignment3.model.BankingTestSuite" time="0.021"/>
  <testcase name="test09" classname="com.algonquincollege.cst8277.assignment3.model.BankingTestSuite" time="0.002"/>
  <testcase name="test10" classname="com.algonquincollege.cst8277.assignment3.model.BankingTestSuite" time="0.016">
    <error message="Exception [EclipseLink-5006] (Eclipse Persistence Services - 2.7.3.v20180807-4be1041): org.eclipse.persistence.exceptions.OptimisticLockException&#10;Exception Description: The object [com.algonquincollege.cst8277.assignment3.model.User@5286c33a] cannot be updated because it has changed or been deleted since it was last read. &#10;Class&gt; com.algonquincollege.cst8277.assignment3.model.User Primary Key&gt; 0" type="javax.persistence.OptimisticLockException">javax.persistence.OptimisticLockException: 
Exception [EclipseLink-5006] (Eclipse Persistence Services - 2.7.3.v20180807-4be1041): org.eclipse.persistence.exceptions.OptimisticLockException
Exception Description: The object [com.algonquincollege.cst8277.assignment3.model.User@5286c33a] cannot be updated because it has changed or been deleted since it was last read. 
Class> com.algonquincollege.cst8277.assignment3.model.User Primary Key> 0
	at com.algonquincollege.cst8277.assignment3.model.BankingTestSuite.test10(BankingTestSuite.java:308)
Caused by: org.eclipse.persistence.exceptions.OptimisticLockException: 

Exception Description: The object [com.algonquincollege.cst8277.assignment3.model.User@5286c33a] cannot be updated because it has changed or been deleted since it was last read. 
Class> com.algonquincollege.cst8277.assignment3.model.User Primary Key> 0
	at com.algonquincollege.cst8277.assignment3.model.BankingTestSuite.test10(BankingTestSuite.java:308)
</error>
    <system-out><![CDATA[2019-11-20T19:11:49.605Z &amp#27;[39mDEBUG&amp#27;[0;39m [main      ] &amp#27;[36meclipselink.logging.sql&amp#27;[0;39m - INSERT INTO ACCOUNT (BALANCE, RATE, VERSION, ACCOUNT_TYPE) VALUES (?, ?, ?, ?)
	bind => [4 parameters bound]
2019-11-20T19:11:49.605Z &amp#27;[39mDEBUG&amp#27;[0;39m [main      ] &amp#27;[36meclipselink.logging.sql&amp#27;[0;39m - CALL IDENTITY()
2019-11-20T19:11:49.605Z &amp#27;[39mDEBUG&amp#27;[0;39m [main      ] &amp#27;[36meclipselink.logging.sql&amp#27;[0;39m - INSERT INTO USER_ACCOUNT (BALANCE, VERSION) VALUES (?, ?)
	bind => [2 parameters bound]
2019-11-20T19:11:49.606Z &amp#27;[39mDEBUG&amp#27;[0;39m [main      ] &amp#27;[36meclipselink.logging.sql&amp#27;[0;39m - CALL IDENTITY()
2019-11-20T19:11:49.606Z &amp#27;[39mDEBUG&amp#27;[0;39m [main      ] &amp#27;[36meclipselink.logging.sql&amp#27;[0;39m - INSERT INTO USER_ACCOUNT (BALANCE, VERSION) VALUES (?, ?)
	bind => [2 parameters bound]
2019-11-20T19:11:49.606Z &amp#27;[39mDEBUG&amp#27;[0;39m [main      ] &amp#27;[36meclipselink.logging.sql&amp#27;[0;39m - CALL IDENTITY()
2019-11-20T19:11:49.606Z &amp#27;[39mDEBUG&amp#27;[0;39m [main      ] &amp#27;[36meclipselink.logging.sql&amp#27;[0;39m - INSERT INTO USER_ACCOUNT (BALANCE, VERSION) VALUES (?, ?)
	bind => [2 parameters bound]
2019-11-20T19:11:49.607Z &amp#27;[39mDEBUG&amp#27;[0;39m [main      ] &amp#27;[36meclipselink.logging.sql&amp#27;[0;39m - CALL IDENTITY()
2019-11-20T19:11:49.610Z &amp#27;[39mDEBUG&amp#27;[0;39m [main      ] &amp#27;[36meclipselink.logging.sql&amp#27;[0;39m - UPDATE USER_ACCOUNT SET VERSION = ? WHERE ((USER_ID = ?) AND (VERSION = ?))
	bind => [3 parameters bound]
2019-11-20T19:11:49.613Z &amp#27;[31mWARN &amp#27;[0;39m [main      ] &amp#27;[36meclipselink.logging.all&amp#27;[0;39m - Exception [EclipseLink-5006] (Eclipse Persistence Services - 2.7.3.v20180807-4be1041): org.eclipse.persistence.exceptions.OptimisticLockException
Exception Description: The object [com.algonquincollege.cst8277.assignment3.model.User@5286c33a] cannot be updated because it has changed or been deleted since it was last read. 
Class> com.algonquincollege.cst8277.assignment3.model.User Primary Key> 0
]]></system-out>
  </testcase>
  <testcase name="test11" classname="com.algonquincollege.cst8277.assignment3.model.BankingTestSuite" time="0.021"/>
  <testcase name="test12" classname="com.algonquincollege.cst8277.assignment3.model.BankingTestSuite" time="0.008"/>
  <testcase name="test13" classname="com.algonquincollege.cst8277.assignment3.model.BankingTestSuite" time="0.004"/>
  <testcase name="test14" classname="com.algonquincollege.cst8277.assignment3.model.BankingTestSuite" time="0.007"/>
  <testcase name="test15" classname="com.algonquincollege.cst8277.assignment3.model.BankingTestSuite" time="0.003"/>
  <testcase name="test16" classname="com.algonquincollege.cst8277.assignment3.model.BankingTestSuite" time="0.005"/>
  <testcase name="test17" classname="com.algonquincollege.cst8277.assignment3.model.BankingTestSuite" time="0.004"/>
  <testcase name="test18" classname="com.algonquincollege.cst8277.assignment3.model.BankingTestSuite" time="0.005"/>
  <testcase name="test19" classname="com.algonquincollege.cst8277.assignment3.model.BankingTestSuite" time="0.007"/>
  <testcase name="test20" classname="com.algonquincollege.cst8277.assignment3.model.BankingTestSuite" time="0.008"/>
  <testcase name="test21" classname="com.algonquincollege.cst8277.assignment3.model.BankingTestSuite" time="0.006"/>
  <testcase name="test22" classname="com.algonquincollege.cst8277.assignment3.model.BankingTestSuite" time="0.007"/>
  <testcase name="test23" classname="com.algonquincollege.cst8277.assignment3.model.BankingTestSuite" time="0.029"/>
  <testcase name="test24" classname="com.algonquincollege.cst8277.assignment3.model.BankingTestSuite" time="0.006"/>
  <testcase name="test25" classname="com.algonquincollege.cst8277.assignment3.model.BankingTestSuite" time="0.003"/>
  <testcase name="test26" classname="com.algonquincollege.cst8277.assignment3.model.BankingTestSuite" time="0.003"/>
  <testcase name="test27" classname="com.algonquincollege.cst8277.assignment3.model.BankingTestSuite" time="0.006"/>
  <testcase name="test28" classname="com.algonquincollege.cst8277.assignment3.model.BankingTestSuite" time="0.009"/>
  <testcase name="test29" classname="com.algonquincollege.cst8277.assignment3.model.BankingTestSuite" time="0.003"/>
  <testcase name="test30" classname="com.algonquincollege.cst8277.assignment3.model.BankingTestSuite" time="0.003"/>
  <testcase name="test31" classname="com.algonquincollege.cst8277.assignment3.model.BankingTestSuite" time="0.006">
    <error message="javax.persistence.OptimisticLockException: Exception [EclipseLink-5006] (Eclipse Persistence Services - 2.7.3.v20180807-4be1041): org.eclipse.persistence.exceptions.OptimisticLockException&#10;Exception Description: The object [com.algonquincollege.cst8277.assignment3.model.User@5d018107] cannot be updated because it has changed or been deleted since it was last read. &#10;Class&gt; com.algonquincollege.cst8277.assignment3.model.User Primary Key&gt; 0" type="javax.persistence.RollbackException">javax.persistence.RollbackException: 
javax.persistence.OptimisticLockException: Exception [EclipseLink-5006] (Eclipse Persistence Services - 2.7.3.v20180807-4be1041): org.eclipse.persistence.exceptions.OptimisticLockException
Exception Description: The object [com.algonquincollege.cst8277.assignment3.model.User@5d018107] cannot be updated because it has changed or been deleted since it was last read. 
Class> com.algonquincollege.cst8277.assignment3.model.User Primary Key> 0
	at com.algonquincollege.cst8277.assignment3.model.BankingTestSuite.test31(BankingTestSuite.java:936)
Caused by: javax.persistence.OptimisticLockException: 
Exception [EclipseLink-5006] (Eclipse Persistence Services - 2.7.3.v20180807-4be1041): org.eclipse.persistence.exceptions.OptimisticLockException
Exception Description: The object [com.algonquincollege.cst8277.assignment3.model.User@5d018107] cannot be updated because it has changed or been deleted since it was last read. 
Class> com.algonquincollege.cst8277.assignment3.model.User Primary Key> 0
	at com.algonquincollege.cst8277.assignment3.model.BankingTestSuite.test31(BankingTestSuite.java:936)
Caused by: org.eclipse.persistence.exceptions.OptimisticLockException: 

Exception Description: The object [com.algonquincollege.cst8277.assignment3.model.User@5d018107] cannot be updated because it has changed or been deleted since it was last read. 
Class> com.algonquincollege.cst8277.assignment3.model.User Primary Key> 0
	at com.algonquincollege.cst8277.assignment3.model.BankingTestSuite.test31(BankingTestSuite.java:936)
</error>
    <system-out><![CDATA[2019-11-20T19:11:49.768Z &amp#27;[39mDEBUG&amp#27;[0;39m [main      ] &amp#27;[36meclipselink.logging.sql&amp#27;[0;39m - SELECT USER_ID, BALANCE, VERSION FROM USER_ACCOUNT WHERE (USER_ID = ?)
	bind => [1 parameter bound]
2019-11-20T19:11:49.770Z &amp#27;[39mDEBUG&amp#27;[0;39m [main      ] &amp#27;[36meclipselink.logging.sql&amp#27;[0;39m - UPDATE USER_ACCOUNT SET BALANCE = ?, VERSION = ? WHERE ((USER_ID = ?) AND (VERSION = ?))
	bind => [4 parameters bound]
2019-11-20T19:11:49.771Z &amp#27;[31mWARN &amp#27;[0;39m [main      ] &amp#27;[36meclipselink.logging.all&amp#27;[0;39m - Exception [EclipseLink-5006] (Eclipse Persistence Services - 2.7.3.v20180807-4be1041): org.eclipse.persistence.exceptions.OptimisticLockException
Exception Description: The object [com.algonquincollege.cst8277.assignment3.model.User@5d018107] cannot be updated because it has changed or been deleted since it was last read. 
Class> com.algonquincollege.cst8277.assignment3.model.User Primary Key> 0
]]></system-out>
  </testcase>
  <testcase name="test32" classname="com.algonquincollege.cst8277.assignment3.model.BankingTestSuite" time="0.002"/>
  <testcase name="test33" classname="com.algonquincollege.cst8277.assignment3.model.BankingTestSuite" time="0.011"/>
  <testcase name="test34" classname="com.algonquincollege.cst8277.assignment3.model.BankingTestSuite" time="0.003"/>
  <testcase name="test35" classname="com.algonquincollege.cst8277.assignment3.model.BankingTestSuite" time="0.002"/>
  <testcase name="test36" classname="com.algonquincollege.cst8277.assignment3.model.BankingTestSuite" time="0.004"/>
  <testcase name="test37" classname="com.algonquincollege.cst8277.assignment3.model.BankingTestSuite" time="0.003"/>
  <testcase name="test38" classname="com.algonquincollege.cst8277.assignment3.model.BankingTestSuite" time="0.002"/>
  <testcase name="test39" classname="com.algonquincollege.cst8277.assignment3.model.BankingTestSuite" time="0.002"/>
  <testcase name="test40" classname="com.algonquincollege.cst8277.assignment3.model.BankingTestSuite" time="0.004"/>
</testsuite>